\BOOKMARK [0][-]{chapter.1}{Introduction}{}% 1
\BOOKMARK [0][-]{chapter.2}{Pr\351sentation du projet}{}% 2
\BOOKMARK [0][-]{chapter.3}{Cahier des charges}{}% 3
\BOOKMARK [1][-]{section.3.1}{Analyse Fonctionnelle}{chapter.3}% 4
\BOOKMARK [2][-]{subsection.3.1.1}{Structure}{section.3.1}% 5
\BOOKMARK [2][-]{subsection.3.1.2}{Commandabilit\351}{section.3.1}% 6
\BOOKMARK [2][-]{subsection.3.1.3}{Milieu d'utilisation}{section.3.1}% 7
\BOOKMARK [2][-]{subsection.3.1.4}{Energie}{section.3.1}% 8
\BOOKMARK [2][-]{subsection.3.1.5}{Motorisation}{section.3.1}% 9
\BOOKMARK [2][-]{subsection.3.1.6}{Acquisitions}{section.3.1}% 10
\BOOKMARK [0][-]{chapter.4}{Motorisation et \351nergie}{}% 11
\BOOKMARK [1][-]{section.4.1}{Moteurs brushless et ESC}{chapter.4}% 12
\BOOKMARK [1][-]{section.4.2}{Calibration et commande des ESC}{chapter.4}% 13
\BOOKMARK [1][-]{section.4.3}{Alimentation et montage}{chapter.4}% 14
\BOOKMARK [0][-]{chapter.5}{Acquisition et Commandabilit\351}{}% 15
\BOOKMARK [1][-]{section.5.1}{Raspberry}{chapter.5}% 16
\BOOKMARK [2][-]{subsection.5.1.1}{Cameras}{section.5.1}% 17
\BOOKMARK [2][-]{subsection.5.1.2}{Capteur de Pression/Temperature}{section.5.1}% 18
\BOOKMARK [2][-]{subsection.5.1.3}{Central Inertielle}{section.5.1}% 19
\BOOKMARK [1][-]{section.5.2}{PC}{chapter.5}% 20
\BOOKMARK [2][-]{subsection.5.2.1}{Interface}{section.5.2}% 21
\BOOKMARK [2][-]{subsection.5.2.2}{Tunnel SSH}{section.5.2}% 22
\BOOKMARK [2][-]{subsection.5.2.3}{Videos}{section.5.2}% 23
\BOOKMARK [2][-]{subsection.5.2.4}{Capteurs et Moteurs}{section.5.2}% 24
\BOOKMARK [2][-]{subsection.5.2.5}{Affichage 3D}{section.5.2}% 25
\BOOKMARK [2][-]{subsection.5.2.6}{Cartographie}{section.5.2}% 26
\BOOKMARK [0][-]{chapter.6}{R\351f\351rences}{}% 27
