Number of used processors (NPROC): 4.
Number of mesh partitions (NPART): 4.
Total Physical Memory = 15.88 Gb, Available Physical Memory = 10.12 Gb
Mesh generation started:	21.4.2018	11:5:20
-----------------------------------------------------------------------
Allocating meshes:
	CPU count: 4
	MESH 0:
		Sub-meshes count: 4
-----------------------------------------------------------------------
Current CPU = 0 sec
-----------------------------------------------------------------------
Geometries initialization:

Geometry database loading ...OK
-----------------------------------------------------------------------
Loading mesh settings (global/local)...
-----------------------------------------------------------------------
Number of geometries: 1
Geometry(0):
	Fluid..
	2 Bodies.
	1 Real body.
	Tolerance=7.53392e-005.
	322 Face(s).
		322 of b-spline type.
	27046 Triangle(s).
	0 Face(s) that have no ref faces
	159 Plane surface(s).
	143 Cylinder surface(s).
	6 Cone surface(s).
	12 Torus surface(s).
	2 B- surface(s).
	786 Edge(s).
		786 of b-spline type.
	Geometry reading: 0.042 s.
	316 Reference Face(s).
	27034 Reference Triangles.
	GeometryRef reading: 0.030 s.
Last Geometry:
	Solid.
	Making hash and connectivity for geometry 0...
		CBodyGeom:
		Hash size: {36, 24, 24}.
		Mesh size: {12, 6, 12}.
		Hashing triangles...Ok.
		Making triangles connectivity...Ok. (0.203 s).
		Neighbour triangles: 100.00 % (good connect) - 0.00 % (bad connect). Min: 3. Max: 3.
		Done.
		CBodyGeomRef:
		Hashing triangles...Ok.
		Making triangles connectivity...Ok. (0.201 s).
		Neighbour triangles: Min: 1. Max: 3.
		Done.
	0.226 s.
Geometries reading and preparing has taken 0.312 s.

Mapped triangles:
Hashing geometries triangles
	Triangles num=27046
	Triangles box={-0.181544  ,0.300378  ,-0.104915  ,0.136046  ,0.0640148  ,0.545937  }
		3d-hash size is 158564 bytes
		Making triangles connectivity...Ok. (0.146 s).
		Neighbour triangles: 100.00 % (good connect) - 0.00 % (bad connect). Min: 3. Max: 3.
Hashing peculiar surfaces triangles
	Triangles num=2
	Triangles box={0.299417  ,0.299417  ,-0.104435  ,0.135565  ,0.0649757  ,0.544976  }
		3d-hash size is 3820 bytes
	Triangles num=2
	Triangles box={-0.180583  ,-0.180583  ,-0.104435  ,0.135565  ,0.0649757  ,0.544976  }
		3d-hash size is 3820 bytes
Mapped triangles processed in 0.168 s.
-----------------------------------------------------------------------

Current CPU = 0 sec
Flow Simulation 2017  x64 / 3731 / MESHER ver. efd_16_1.3696_10.11.2016 

Project: C:\Users\Jultur\Documents\Projet 2A\open-rov-underwater-exploration-robots-1.snapshot.1\1\1.xmlconfig
Computer name:	J-A-R-V-I-S
Operating system:	Windows 10 (or higher) (Version 10.0.16299)

SOLIDWORKS 2017 SP2.0

-----------------------------------------------------------------------
Mesh dimensions:
				I[0 ]=12
				I[1 ]=6
				I[2 ]=12
Solver refinement level	I[47]=0

Comp. domain size:
				a[0  ]=-0.181063
				a[1  ]=0.299897
				a[2  ]=-0.104675
				a[3  ]=0.135805
				a[4  ]=0.0644957
				a[5  ]=0.545456
Wall thickness		a[231]=0
Gap size			a[232]=1

Fluid calculated			1
Solid calculated			0
-----------------------------------------------------------------------
MESH: distribute base bricks among sub-meshes...
	Base bricks count               864
	Sub-meshes  count               4
	Base bricks count per sub-mesh  216 (+0)
	Sub-mesh 0: 216 base brick(s), range [0, 2]-[0, 5]-[0, 11]
	Sub-mesh 1: 216 base brick(s), range [3, 5]-[0, 5]-[0, 11]
	Sub-mesh 2: 216 base brick(s), range [6, 8]-[0, 5]-[0, 11]
	Sub-mesh 3: 216 base brick(s), range [9, 11]-[0, 5]-[0, 11]
-----------------------------------------------------------------------
-----------------------------------------------------------------------
MESH: collecting ghosts in sub-meshes...
	Sub-mesh 0:
		Total  brick(s) 288
		Native brick(s) 216
		Inner  brick(s) 144
		Outer  brick(s) 72
		Ghost  brick(s) 72
	Sub-mesh 1:
		Total  brick(s) 360
		Native brick(s) 216
		Inner  brick(s) 72
		Outer  brick(s) 144
		Ghost  brick(s) 144
	Sub-mesh 2:
		Total  brick(s) 360
		Native brick(s) 216
		Inner  brick(s) 72
		Outer  brick(s) 144
		Ghost  brick(s) 144
	Sub-mesh 3:
		Total  brick(s) 288
		Native brick(s) 216
		Inner  brick(s) 144
		Outer  brick(s) 72
		Ghost  brick(s) 72
	Total brick(s) 864
-----------------------------------------------------------------------
Setting regions...OK (0.000 s)
Base mesh info------------------
	2D flag  =0
	Period   =[0, 0, 0]
	Nx=12
		x[0]=-0.181063
		x[1]=-0.14097
		x[2]=-0.10089
		x[3]=-0.0608104
		x[4]=-0.0207304
		x[5]=0.0193496
		x[6]=0.0594296
		x[7]=0.0995096
		x[8]=0.13959
		x[9]=0.17967
		x[10]=0.21975
		x[11]=0.25983
		x[12]=0.299897
	Ny=6
		y[0]=-0.104675
		y[1]=-0.0645836
		y[2]=-0.0245036
		y[3]=0.0155764
		y[4]=0.0556564
		y[5]=0.0957364
		y[6]=0.135805
	Nz=12
		z[0]=0.0644957
		z[1]=0.104585
		z[2]=0.144665
		z[3]=0.184745
		z[4]=0.224825
		z[5]=0.264905
		z[6]=0.304985
		z[7]=0.345065
		z[8]=0.385145
		z[9]=0.425225
		z[10]=0.465305
		z[11]=0.505385
		z[12]=0.545456
End of base mesh info---------
Input_mesh_settings--------------------------------
Settings 0----------------
	Scope: GLOBAL
	Type:	------MESHER_SETTINGS----------
	RefAllCells           =0
	RefFluidCells         =0
	RefPartCells          =0
	RefSolidCells         =0
	l_SSFR(Capture crit)  =1
	l_curv(Curvature crit)=0
	l_tol(Tolerance crit) =0
	UseChannelRef         =1
	  NCR_method          =0
	  l_NCR               =1
	  N_gap               =5
	  Use d_NCR_min       =0
	  Use d_NCR_max       =0
	IgnoreThinChannelsHeight         =0
	--END_OF_MESHER_SETTINGS-------
End of input mesh settings-------------------------

-----------------------------------------------------------------------
Building geometries:
Building geometry Fluid.0.(0)...

-----------------------------------------------------------------------
Refining by triangulation...
Refinement input: 864 bricks
Setting regions...OK (0.001 s)
	Re-balancing...
	Send and create bricks on destination sub meshes...
	Collecting ghosts...
	Balancing finished.
Refinement result: 1690 bricks (0.046 s)
Refinement input: 1690 bricks
Refinement result: 1690 bricks (0.000 s)
Collecting and processing rays...OK (0.044 s)
Capturing...OK (0.002 s)
Refining by triangulation takes 0.093 s
-----------------------------------------------------------------------

-----------------------------------------------------------------------
Refining peculiar surfaces...
0 surfaces refined
Refining peculiar surfaces takes 0.001 s
-----------------------------------------------------------------------
Collecting and processing rays...OK (0.000 s)
Capturing...OK (0.000 s)
Collecting and processing rays...OK (0.000 s)
Capturing...OK (0.000 s)
Collecting and processing rays...OK (0.000 s)
Capturing...OK (0.000 s)

-----------------------------------------------------------------------
Base mesh 1 Refining...
Refinement input: 1690 bricks
Refinement result: 1690 bricks (0.000 s)
Collecting and processing rays...OK (0.000 s)
Capturing...OK (0.000 s)
-----------------------------------------------------------------------
Refining channels...
FYI: CNarrowChannelRefiner::RefineChannels_PRLL: m_submesh_count=4
Refinement input: 1690 bricks
Setting regions...OK (0.001 s)
	Re-balancing...
	Send and create bricks on destination sub meshes...
	Collecting ghosts...
	Balancing finished.
Refinement result: 4917 bricks (0.004 s)
Collecting and processing rays...OK (0.007 s)
Capturing...OK (0.003 s)
FYI: m_iteration_count = 0
FYI: level1 statistics:
     level1_cnt_plus[1]=3688;		level1_cnt_minus[1]=0
     level1_cnt_plus[2]=0;		level1_cnt_minus[2]=0
     level1_cnt_plus[3]=0;		level1_cnt_minus[3]=0
     level1_cnt_plus[4]=0;		level1_cnt_minus[4]=0
     level1_cnt_plus[5]=0;		level1_cnt_minus[5]=0
     level1_cnt_plus[6]=0;		level1_cnt_minus[6]=0
     level1_cnt_plus[7]=0;		level1_cnt_minus[7]=0
     level1_cnt_plus[8]=0;		level1_cnt_minus[8]=0
     level1_cnt_plus[9]=0;		level1_cnt_minus[9]=0
Refinement input: 4917 bricks
Setting regions...OK (0.001 s)
Refinement result: 4980 bricks (0.002 s)
Collecting and processing rays...OK (0.001 s)
Capturing...OK (0.000 s)
FYI: m_iteration_count = 1
FYI: level1 statistics:
     level1_cnt_plus[1]=3760;		level1_cnt_minus[1]=0
     level1_cnt_plus[2]=0;		level1_cnt_minus[2]=0
     level1_cnt_plus[3]=0;		level1_cnt_minus[3]=0
     level1_cnt_plus[4]=0;		level1_cnt_minus[4]=0
     level1_cnt_plus[5]=0;		level1_cnt_minus[5]=0
     level1_cnt_plus[6]=0;		level1_cnt_minus[6]=0
     level1_cnt_plus[7]=0;		level1_cnt_minus[7]=0
     level1_cnt_plus[8]=0;		level1_cnt_minus[8]=0
     level1_cnt_plus[9]=0;		level1_cnt_minus[9]=0
Refinement input: 4980 bricks
Setting regions...OK (0.001 s)
Refinement result: 4987 bricks (0.003 s)
Collecting and processing rays...OK (0.001 s)
Capturing...OK (0.000 s)
FYI: m_iteration_count = 2
FYI: level1 statistics:
     level1_cnt_plus[1]=3768;		level1_cnt_minus[1]=0
     level1_cnt_plus[2]=0;		level1_cnt_minus[2]=0
     level1_cnt_plus[3]=0;		level1_cnt_minus[3]=0
     level1_cnt_plus[4]=0;		level1_cnt_minus[4]=0
     level1_cnt_plus[5]=0;		level1_cnt_minus[5]=0
     level1_cnt_plus[6]=0;		level1_cnt_minus[6]=0
     level1_cnt_plus[7]=0;		level1_cnt_minus[7]=0
     level1_cnt_plus[8]=0;		level1_cnt_minus[8]=0
     level1_cnt_plus[9]=0;		level1_cnt_minus[9]=0
FYI: m_iteration_count = 3
FYI: level1 statistics:
     level1_cnt_plus[1]=3768;		level1_cnt_minus[1]=0
     level1_cnt_plus[2]=0;		level1_cnt_minus[2]=0
     level1_cnt_plus[3]=0;		level1_cnt_minus[3]=0
     level1_cnt_plus[4]=0;		level1_cnt_minus[4]=0
     level1_cnt_plus[5]=0;		level1_cnt_minus[5]=0
     level1_cnt_plus[6]=0;		level1_cnt_minus[6]=0
     level1_cnt_plus[7]=0;		level1_cnt_minus[7]=0
     level1_cnt_plus[8]=0;		level1_cnt_minus[8]=0
     level1_cnt_plus[9]=0;		level1_cnt_minus[9]=0
FYI: level1 statistics:
     level1_cnt_plus[1]=3768;		level1_cnt_minus[1]=0
     level1_cnt_plus[2]=0;		level1_cnt_minus[2]=0
     level1_cnt_plus[3]=0;		level1_cnt_minus[3]=0
     level1_cnt_plus[4]=0;		level1_cnt_minus[4]=0
     level1_cnt_plus[5]=0;		level1_cnt_minus[5]=0
     level1_cnt_plus[6]=0;		level1_cnt_minus[6]=0
     level1_cnt_plus[7]=0;		level1_cnt_minus[7]=0
     level1_cnt_plus[8]=0;		level1_cnt_minus[8]=0
     level1_cnt_plus[9]=0;		level1_cnt_minus[9]=0
	CNarrowChannelRefiner::ChannelsResolution            function_total                0      = 0.155889 sec

-----------------------------------------------------------------------
U-shapes refinement...
Refinement input: 4987 bricks
Refinement result: 4987 bricks (0.001 s)
Collecting and processing rays...OK (0.000 s)
Capturing...OK (0.000 s)
-----------------------------------------------------------------------

-----------------------------------------------------------------------
Equi Distant Refiner:
Equi Distant Refiner takes 0.00 s
-----------------------------------------------------------------------
Building geometry takes 0.256 s
Geometry Fluid.0.
Total		4987
Partial	1816
Fluid		3073
Solid		92
Bad		6

/-Ray Intersection---------------/ Time	0.083 s
Calls			1212
CorrectRay Calls	0


Building geometries takes 0.257 s
-----------------------------------------------------------------------

-----------------------------------------------------------------------
PostBuilding geometries:
PostBuilding geometries takes 0 s
-----------------------------------------------------------------------
Defect ray count	0
FYI: CNarrowChannelRefiner::RedistributeLevel1_step_1: is finished
FYI: level1 statistics:
     level1_cnt_plus[1]=3768;		level1_cnt_minus[1]=0
     level1_cnt_plus[2]=0;		level1_cnt_minus[2]=0
     level1_cnt_plus[3]=0;		level1_cnt_minus[3]=0
     level1_cnt_plus[4]=0;		level1_cnt_minus[4]=0
     level1_cnt_plus[5]=0;		level1_cnt_minus[5]=0
     level1_cnt_plus[6]=0;		level1_cnt_minus[6]=0
     level1_cnt_plus[7]=0;		level1_cnt_minus[7]=0
     level1_cnt_plus[8]=0;		level1_cnt_minus[8]=0
     level1_cnt_plus[9]=0;		level1_cnt_minus[9]=0
FYI: CNarrowChannelRefiner::RedistributeLevel1_step_2: is started
FYI: CNarrowChannelRefiner::RedistributeLevel1_step_2: is finished
FYI: level1 statistics:
     level1_cnt_plus[1]=4658;		level1_cnt_minus[1]=0
     level1_cnt_plus[2]=0;		level1_cnt_minus[2]=0
     level1_cnt_plus[3]=0;		level1_cnt_minus[3]=0
     level1_cnt_plus[4]=0;		level1_cnt_minus[4]=0
     level1_cnt_plus[5]=0;		level1_cnt_minus[5]=0
     level1_cnt_plus[6]=0;		level1_cnt_minus[6]=0
     level1_cnt_plus[7]=0;		level1_cnt_minus[7]=0
     level1_cnt_plus[8]=0;		level1_cnt_minus[8]=0
     level1_cnt_plus[9]=0;		level1_cnt_minus[9]=0
FYI: CNarrowChannelRefiner::RedistributeLevel1_step_3: is started
FYI: CNarrowChannelRefiner::RedistributeLevel1_step_3: is finished
RedistributeLevel1 takes:
	CNarrowChannelRefiner::RedistributeLevel1            function_total                0      = 0.138413 sec
FYI: level1 statistics:
     level1_cnt_plus[1]=4658;		level1_cnt_minus[1]=10
     level1_cnt_plus[2]=0;		level1_cnt_minus[2]=0
     level1_cnt_plus[3]=0;		level1_cnt_minus[3]=0
     level1_cnt_plus[4]=0;		level1_cnt_minus[4]=0
     level1_cnt_plus[5]=0;		level1_cnt_minus[5]=0
     level1_cnt_plus[6]=0;		level1_cnt_minus[6]=0
     level1_cnt_plus[7]=0;		level1_cnt_minus[7]=0
     level1_cnt_plus[8]=0;		level1_cnt_minus[8]=0
     level1_cnt_plus[9]=0;		level1_cnt_minus[9]=0
-----------------------------------------------------------------------
BCF-Builder Iteration: 0
Memory Working Set Current = 50.93 Mb, Memory Working Set Peak = 55.37 Mb
Process Threads Number: 14
Loading geometries triangulation & x-stacks...OK
	Sub-mesh 0:
		Total  brick(s) 1515
		Native brick(s) 1257
		Inner  brick(s) 996
		Outer  brick(s) 261
		Ghost  brick(s) 258
	Sub-mesh 1:
		Total  brick(s) 1791
		Native brick(s) 1257
		Inner  brick(s) 733
		Outer  brick(s) 524
		Ghost  brick(s) 534
	Sub-mesh 2:
		Total  brick(s) 1745
		Native brick(s) 1229
		Inner  brick(s) 690
		Outer  brick(s) 539
		Ghost  brick(s) 516
	Sub-mesh 3:
		Total  brick(s) 1510
		Native brick(s) 1244
		Inner  brick(s) 994
		Outer  brick(s) 250
		Ghost  brick(s) 266
	Total brick(s) 4987

-----------------------------------------------------------------------
MSH (Real Geometry) format constructor:
Getting submesh brick sets...OK (0.000 s)
Level 1
	Inner time 0.174 s
	Outer Time 0.160 s
	Level Time 0.334 s
Level 0
	Inner time 0.048 s
	Outer Time 0.016 s
	Level Time 0.064 s

Brick parser time info:
	0.712 s - time_Run
		0.014 s - time_ConstructPoints
			0.014 s - time_ConstructPointsAddFind2
		0.034 s - time_ConstructPointsAndConnectsFromNb
		0.011 s - time_AddRibConnects
		0.095 s - time_ConstructBrickFacets
			0.052 s - time_CalculateQpoints
				0.011 s - time_AddFacetPoint_GetFacesQpoint
					0.004 s - time_GetFacesQpoint_UShaped
						0.004 s - time_GetFacesQpoint2
					0.000 s - time_GetFacesQpoint_AddEdgesToList
					0.007 s - time_Edge_GetClosestPointOn
					0.000 s - time_Edge_NewtonMethod
					0.000 s - time_GetFacesQpoint_ManyFinds
				0.038 s - time_AddFacetPoint_AddQPoint
					0.056 s - time_PointReverseEvaluate
				0.000 s - time_AddFacetPoint_AddFind2
		0.000 s - time_RemoveOddConnects
		0.016 s - time_TestConnectivity
		0.001 s - time_ValidateXeps
		0.026 s - time_ConstructFaceAs
		0.005 s - time_ConstructCvs
		0.002 s - time_ConstructFaceWs
		0.053 s - time_RealGeomAddQPoints
		0.017 s - time_RealGeomAddNewFaces
		0.000 s - time_RealGeomInitOppositeGeomFaceInd
		0.031 s - time_RealGeomApproxCurveFaces
		0.000 s - time_Enum1
		0.000 s - time_Enum2
		0.001 s - time_RealGeomCheckInvalidConnects
		0.374 s - time_RealGeomParameters
			0.204 s - time_CalculateParametersOfCv
			0.164 s - time_CalculateParametersOfFace
				0.046 s - time_CalculateRR
				0.116 s - time_CalculateRefFaceData
				0.000 s - time_CalculateLambdaProjection
			0.005 s - time_SetFacesOrientation
Result:
	Bricks number:                        4987

	Memory usage:                         1.286 MB
	Memory usage (per brick):             0.264 KB
	Construction time:                    0.413 s

	Topology features:
	------------------
	- High quality bricks                  99.32 % (4953)
	- Medium quality bricks                 0.68 % (34)
	- Bad quality bricks                    0.00 % (0)
	- Ribs corrected bricks                 0.00 % (0)
	- Points with geom-info (bricks)        0.90 % (45)
	- Points with closest-info (bricks)     0.40 % (20)
	- Triangulated by center (bricks)       0.90 % (45)
	- Facet w-faces mergings (bricks)       0.00 % (0)
	- To refine (bricks)                    0.00 % (0)

Memory Working Set Current = 60.94 Mb, Memory Working Set Peak = 69.62 Mb
Process Threads Number: 14
-----------------------------------------------------------------------
-----------------------------------------------------------------------
MSH --> BCF format (Iteration 0)...
BCF collector...
	(3) Bcf collect time 0.079 s (2067 avs, 792 fws)
	(2) Bcf collect time 0.082 s (2531 avs, 1567 fws)
	(0) Bcf collect time 0.085 s (2324 avs, 1732 fws)
	(1) Bcf collect time 0.086 s (2844 avs, 2464 fws)
	(0) Remove defect avs time 0.003 s
	(3) Remove defect avs time 0.003 s
	(1) Remove defect avs time 0.003 s
	(2) Remove defect avs time 0.003 s
Defect subdomain detector...
		1 subdomain(s) of gi=0 (real bodies = 1).
			Subdomain 0: 5143 av
		Get real subdoms time 0.000 s
		Mark defect subdomains by closed av...
		Mark by closed av time 0.000 s
		Mark defect subdomains by real bodies...
		0 defect subdomain(s) of gi=0.
		3 subdomain(s) of gi=1 (real bodies = 0).
			Subdomain 0: 1256 av
			Subdomain 1: 152 av
			Subdomain 2: 818 av
		Get real subdoms time 0.000 s
		0 defect subdomain(s) of gi=1.
	(3) Remove defect subdoms time 0.002 s
	(2) Remove defect subdoms time 0.002 s
	(0) Remove defect subdoms time 0.002 s
	(1) Remove defect subdoms time 0.002 s
NB-faces collector & conservator...
Sub-mesh 0.
	Conservated total=0 (bb-faces=0)
Sub-mesh 1.
	Conservated total=2 (bb-faces=0)
Sub-mesh 2.
	Conservated total=3 (bb-faces=0)
Sub-mesh 3.
	Conservated total=0 (bb-faces=0)
	(3) Bcf calc time 0.003 s
	(2) Bcf calc time 0.037 s
	(0) Bcf calc time 0.039 s
	(1) Bcf calc time 0.062 s
FACE_W optimizer ...
Sub-mesh 0.
	Before optimization total=2675 (fs=1732, ff=0, ss=0)
	After  optimization total=2556 (fs=1613, ff=0, ss=0)
Sub-mesh 1.
	Before optimization total=3741 (fs=2464, ff=0, ss=0)
	After  optimization total=3453 (fs=2176, ff=0, ss=0)
Sub-mesh 2.
	Before optimization total=2794 (fs=1567, ff=0, ss=0)
	After  optimization total=2672 (fs=1445, ff=0, ss=0)
Sub-mesh 3.
	Before optimization total=1705 (fs=792, ff=0, ss=0)
	After  optimization total=1705 (fs=792, ff=0, ss=0)
-----------------------------------------------------------------------
-----------------------------------------------------------------------
Merging BCF...
Merging bricks trees...OK (0.00 s)
Merging av data...OK (0.00 s)
Merging a-faces data (fluid)...
	New a-face count   14922
	Bound a-face count 892 (5.98 %)
Merging a-faces data takes 0.00 s
Merging a-faces data (solid)...
	New a-face count   4780
	Bound a-face count 358 (7.49 %)
Merging a-faces data takes 0.00 s
Merging w-faces data...
	New w-face count   5842
	Bound w-face count 0 (0.00 %)
	Need fw-nb         2656 (45.46 %)
Merging w-faces data takes 0.02 s
Merging BCF takes (0.04 s)
-----------------------------------------------------------------------

-----------------------------------------------------------------------
Geometrical diagonal nb-faces collector (cpu_num=4)...
	Time=0.020s.
-----------------------------------------------------------------------
Fluid Subdom Constructor: 1 subdom(s).
	Remove nb-fw from diff subdomains (fs)...
		Diff subdomains cases         0

-----------------------------------------------------------------------
BCF CHECKSUM DATA (Mesh 0):

FACE_A Area Sum:   G.Fluid        6.1688439110937949
FACE_A Area Sum:   G.Solid        0.3708660405032921
FACE_W Area Sum:                  2.2003035947194216
FACE_W Nb   Sum:                  46796
FACE_W min curvatures sum:        -31745.74291231
FACE_W max curvatures sum:        228600.80157998
AV Max Disbalance: G.Fluid        1.23254e-012 (cid=3801, avid=3954, pid=1937)
AV Max Disbalance: G.Solid        1.79182e-012 (cid=3707, avid=6971, pid=1749)
-----------------------------------------------------------------------


-----------------------------------------------------------------------
MESHER TOPOLOGY DATA (Mesh 0):

BRICKS: Total                 4987
BRICKS: 1-CV                  2929
BRICKS: 2-CV                  1769
BRICKS: 3-CV                  254
BRICKS: 4-CV                  35
BRICKS: Bad                   0

AV:     G.Total               7369
AV:     G.Fluid               5143
AV:     G.Solid               2226

AV:     G.Fluid Thin Profile    1.63 % (84)
AV:     G.Solid Thin Profile   10.15 % (226)

AV:     G.Fluid Thin For Mega   0.31 % (16)
AV:     G.Solid Thin For Mega   5.75 % (128)

AV:     G.Fluid Non-Convex     10.58 % (544)
AV:     G.Solid Non-Convex     24.75 % (551)

FACE_A: G.Fluid          (af) 14922 (partially opened 4797)
FACE_A: G.Solid          (as) 4780 (partially opened 4359)

FACE_W: G.Total                 5842        Brick/Bound
FACE_W: G.Fluid/Solid    (fs_g) 4459        0           
FACE_W: G.Fluid/Fluid    (ff_g) 0           0           
FACE_W: G.Solid/Solid    (ss_g) 0           0           
FACE_W: G.Fluid/External (fe_g) 0
FACE_W: G.Solid/External (se_g) 1383

AV max fa count:                21
AV max fw count:                18
AV max fw poly count:           22

MEMORY: Total                   3.082 MB
MEMORY: Per Brick               0.633 KB
-----------------------------------------------------------------------

-----------------------------------------------------------------------
Mega-cv constructor for fluid...
	 16 av's is treated as thin
Relative size generator (threshold = 0.05)...OK
	 45 mega-cv's generated
	 0 mega-cv's removed
Convert clusters:
	 45 mega-cv's total
Mega-cv count: 45
-----------------------------------------------------------------------
Mixing plane rotation regions: NO.
Sliding mesh rotation regions: NO.
Fluid/fluid faces: NO.
----------------------------------------------------------
BCF --> BCF.GEOMSUBDOM (bridge arrays) (cpu_num=4):
MESH (0):
	Fluid Subdom Constructor: 1 subdom(s).
	Solid Subdom Constructor: 3 subdom(s).
	Net Asm Subdom Constructor: 0 subdom(s).
	GEOMSUBDOM (0): gi=0 fluid av=5143 cv=5096 fa=14922 fw=4459 V=5.294884e-002
	GEOMSUBDOM (1): gi=1 solid av=1256 cv=1256 fa=2604 fw=2766 V=3.324400e-004
	GEOMSUBDOM (2): gi=1 solid av=152 cv=152 fa=277 fw=663 V=9.672643e-005
	GEOMSUBDOM (3): gi=1 solid av=818 cv=818 fa=1899 fw=2413 V=2.250431e-003
	Setting nb of w-faces...OK.

MESH (0) checking:
	GEOMSUBDOM (0):fa_s=6.1688439110936812 fw_s=1.2750135083194232 fw_nb=41072
	GEOMSUBDOM (1):fa_s=0.0225113295617001 fw_s=1.8468900864000084 fw_nb=16572
	GEOMSUBDOM (2):fa_s=0.0138522595740644 fw_s=0.0530965146373880 fw_nb=7322
	GEOMSUBDOM (3):fa_s=0.3345024513675248 fw_s=0.3003169936820321 fw_nb=22902
MESH (0) checking: OK.
----------------------------------------------------------
-----------------------------------------------------------------------
Calculating curvature and tolerance criteria...
Curvature: min=0 max=3.14159
Tolerance: min=0 max=0.0458223
Calculating curvature and tolerance criteria takes 0.089 s
-----------------------------------------------------------------------
Current CPU = 1 sec

Nx=12
Ny=6
Nz=12
Max_RL=1
12. Saving initial mesh in: C:\Users\Jultur\Documents\Projet 2A\open-rov-underwater-exploration-robots-1.snapshot.1\1\1.fld .
Storing results...
Estimated CPT size=1.483 MB.
OK
Memory Working Set Current = 67.36 Mb, Memory Working Set Peak = 69.62 Mb
Process Threads Number: 14
Cleaning memory...
Free Geometry DB takes 0.009 s
Copying... OK

------------------------------------------------------------------------------------------------------------
CPU report:
Function                                             CPU           descriptor                    nproc     
------------------------------------------------------------------------------------------------------------
GetGeometryFromSW                                    0.502 sec   function_total               
GetGeometryFromSW                                    0.072 sec   InitGeometryTriangles        
CMesh::PrepareMappedTriangles                        0.168 sec   function_total               
SwapGeometries                                       0.000 sec   function_total               
CMesh::PreBuild                                      0.003 sec   function_total               
SetBrickRegion                                       0.005 sec   function_total               
CMesh::Build                                         0.257 sec   function_total               
CMesh::BuildGeometry                                 0.256 sec   function_total               
ActivateAllCellsParameters                           0.001 sec   function_total               
RefineByTriangles                                    0.094 sec   function_total               
CaptureRefined                                       0.061 sec   function_total               
GetMultiRaysIntersections                            0.042 sec   full                         
CRayCollector::CorrectRays2                          0.008 sec   full                         
CRayCollector::CorrectRays2                          0.003 sec   stage_1_collect_undefined_vertices1
RefinePeculiarSurfaces                               0.001 sec   function_total               
CNarrowChannelRefiner::ChannelsResolution            0.156 sec   function_total               
CNarrowChannelRefiner::RefineChannels_PRLL           0.155 sec   function_total               
CNarrowChannelRefiner::GetMainNormals                0.055 sec   function_total               
CNarrowChannelRefiner::GetMainNormals                0.077 sec   function_total               
CNarrowChannelRefiner::GetMainNormals                0.080 sec   function_total               
CNarrowChannelRefiner::GetMainNormals                0.014 sec   function_total               
CNarrowChannelRefiner::facade_bricks_of_brick_dirv   0.062 sec   function_total               
CNarrowChannelRefiner::facade_bricks_of_brick_dirv   0.151 sec   function_total               
CNarrowChannelRefiner::facade_bricks_of_brick_dirv   0.063 sec   function_total               
CNarrowChannelRefiner::facade_bricks_of_brick_dirv   0.015 sec   function_total               
CNarrowChannelRefiner::next_brick_on_ray             0.061 sec   function_total               
CNarrowChannelRefiner::next_brick_on_ray             0.150 sec   function_total               
CNarrowChannelRefiner::next_brick_on_ray             0.062 sec   function_total               
CNarrowChannelRefiner::next_brick_on_ray             0.015 sec   function_total               
CNarrowChannelRefiner::RefineChannels_PRLL           0.022 sec   NCR_execute_refinement       
CMesh::BuildGeometry                                 0.000 sec   equidistant_refiner          
CNarrowChannelRefiner::RedistributeLevel1            0.139 sec   function_total               
CTPBuilder::build_bcf                                0.673 sec   function_total               
CTPBuilder::bcf_builder                              0.653 sec   function_total               
LoadTrianglesAndXSL                                  0.000 sec   function_total               
CTPBuilder::collect_msh_format                       0.420 sec   function_total               
CTPBuilder::Run                                      0.155 sec   bcf_collect                  
CTPBuilder::Run                                      0.070 sec   bcf_merge                    
CTPBuilder::build_bcf                                0.006 sec   collect_mega_cv              
CTPBuilder::build_bcf                                0.014 sec   convert_to_mds_function      
CMesh::CalculateCurvatureAndToleranceCriteria        0.089 sec   function_total               
Store_Res_2                                          0.086 sec   function_total               
Freemem_CPT                                          0.025 sec   function_total               
------------------------------------------------------------------------------------------------------------

Mesh generation normally finished at	21.4.2018	11:5:21
Mesher CPU = 1 sec
Mesher is finished at	21.4.2018	11:5:21
