Number of used processors (NPROC): 4.
Number of mesh partitions (NPART): 4.
Total Physical Memory = 15.88 Gb, Available Physical Memory = 11.43 Gb
Mesh generation started:	9.1.2018	14:17:54
-----------------------------------------------------------------------
Allocating meshes:
	CPU count: 4
	MESH 0:
		Sub-meshes count: 4
-----------------------------------------------------------------------
Current CPU = 0 sec
-----------------------------------------------------------------------
Geometries initialization:

Geometry database loading ...OK
-----------------------------------------------------------------------
Loading mesh settings (global/local)...
-----------------------------------------------------------------------
Number of geometries: 1
Geometry(0):
	Fluid..
	2 Bodies.
	1 Real body.
	Tolerance=7.54297e-005.
	257 Face(s).
		257 of b-spline type.
	23930 Triangle(s).
	0 Face(s) that have no ref faces
	128 Plane surface(s).
	115 Cylinder surface(s).
	12 Torus surface(s).
	2 B- surface(s).
	721 Edge(s).
		721 of b-spline type.
	Geometry reading: 0.098 s.
	251 Reference Face(s).
	23918 Reference Triangles.
	GeometryRef reading: 0.021 s.
Last Geometry:
	Solid.
	Making hash and connectivity for geometry 0...
		CBodyGeom:
		Hash size: {36, 32, 18}.
		Mesh size: {18, 8, 18}.
		Hashing triangles...Ok.
		Making triangles connectivity...Ok. (0.131 s).
		Neighbour triangles: 100.00 % (good connect) - 0.00 % (bad connect). Min: 3. Max: 3.
		Done.
		CBodyGeomRef:
		Hashing triangles...Ok.
		Making triangles connectivity...Ok. (0.064 s).
		Neighbour triangles: Min: 1. Max: 3.
		Done.
	0.149 s.
Geometries reading and preparing has taken 0.280 s.

Mapped triangles:
Hashing geometries triangles
	Triangles num=23930
	Triangles box={-0.133574  ,0.349005  ,-0.0985274  ,0.142434  ,-0.0431402  ,0.439438  }
		3d-hash size is 171944 bytes
		Making triangles connectivity...Ok. (0.105 s).
		Neighbour triangles: 100.00 % (good connect) - 0.00 % (bad connect). Min: 3. Max: 3.
Hashing peculiar surfaces triangles
	Triangles num=2
	Triangles box={0.347388  ,0.348043  ,-0.0980469  ,0.141953  ,-0.042178  ,0.437822  }
		3d-hash size is 11052 bytes
	Triangles num=2
	Triangles box={-0.132611  ,-0.131957  ,-0.0980469  ,0.141953  ,-0.0415233  ,0.438476  }
		3d-hash size is 11052 bytes
Mapped triangles processed in 0.128 s.
-----------------------------------------------------------------------

Current CPU = 0 sec
FloXpress 2017  x64 / 3731 / MESHER ver. efd_16_1.3696_10.11.2016 

Project: C:\Users\jultu\Downloads\Projet 2A\open-rov-underwater-exploration-robots-1.snapshot.1\fxp1\1.xmlconfig
Computer name:	J-A-R-V-I-S
Operating system:	Windows 10 (or higher) (Version 10.0.16299)

SOLIDWORKS 2017 SP2.0

-----------------------------------------------------------------------
Mesh dimensions:
				I[0 ]=18
				I[1 ]=8
				I[2 ]=18
Solver refinement level	I[47]=0

Comp. domain size:
				a[0  ]=-0.133092
				a[1  ]=0.348524
				a[2  ]=-0.0982869
				a[3  ]=0.142193
				a[4  ]=-0.0426586
				a[5  ]=0.438957
Wall thickness		a[231]=0
Gap size			a[232]=1

Fluid calculated			1
Solid calculated			0
-----------------------------------------------------------------------
MESH: distribute base bricks among sub-meshes...
	Base bricks count               2592
	Sub-meshes  count               4
	Base bricks count per sub-mesh  648 (+0)
	Sub-mesh 0: 648 base brick(s), range [0, 4]-[0, 7]-[0, 17]
	Sub-mesh 1: 648 base brick(s), range [4, 8]-[0, 7]-[0, 17]
	Sub-mesh 2: 648 base brick(s), range [9, 13]-[0, 7]-[0, 17]
	Sub-mesh 3: 648 base brick(s), range [13, 17]-[0, 7]-[0, 17]
-----------------------------------------------------------------------
-----------------------------------------------------------------------
MESH: collecting ghosts in sub-meshes...
	Sub-mesh 0:
		Total  brick(s) 792
		Native brick(s) 648
		Inner  brick(s) 504
		Outer  brick(s) 144
		Ghost  brick(s) 144
	Sub-mesh 1:
		Total  brick(s) 936
		Native brick(s) 648
		Inner  brick(s) 360
		Outer  brick(s) 288
		Ghost  brick(s) 288
	Sub-mesh 2:
		Total  brick(s) 936
		Native brick(s) 648
		Inner  brick(s) 360
		Outer  brick(s) 288
		Ghost  brick(s) 288
	Sub-mesh 3:
		Total  brick(s) 792
		Native brick(s) 648
		Inner  brick(s) 504
		Outer  brick(s) 144
		Ghost  brick(s) 144
	Total brick(s) 2592
-----------------------------------------------------------------------
Setting regions...OK (0.002 s)
Base mesh info------------------
	2D flag  =0
	Period   =[0, 0, 0]
	Nx=18
		x[0]=-0.133092
		x[1]=-0.106327
		x[2]=-0.0795707
		x[3]=-0.0528143
		x[4]=-0.0260579
		x[5]=0.000698521
		x[6]=0.0274549
		x[7]=0.0542114
		x[8]=0.0809678
		x[9]=0.107724
		x[10]=0.134481
		x[11]=0.161237
		x[12]=0.187993
		x[13]=0.21475
		x[14]=0.241506
		x[15]=0.268263
		x[16]=0.295019
		x[17]=0.321776
		x[18]=0.348524
	Ny=8
		y[0]=-0.0982869
		y[1]=-0.0682188
		y[2]=-0.0381588
		y[3]=-0.00809877
		y[4]=0.0219612
		y[5]=0.0520212
		y[6]=0.0820812
		y[7]=0.112141
		y[8]=0.142193
	Nz=18
		z[0]=-0.0426586
		z[1]=-0.015896
		z[2]=0.0108604
		z[3]=0.0376168
		z[4]=0.0643732
		z[5]=0.0911296
		z[6]=0.117886
		z[7]=0.144642
		z[8]=0.171399
		z[9]=0.198155
		z[10]=0.224912
		z[11]=0.251668
		z[12]=0.278425
		z[13]=0.305181
		z[14]=0.331937
		z[15]=0.358694
		z[16]=0.38545
		z[17]=0.412207
		z[18]=0.438957
End of base mesh info---------
Input_mesh_settings--------------------------------
Settings 0----------------
	Scope: GLOBAL
	Type:	------MESHER_SETTINGS----------
	RefAllCells           =0
	RefFluidCells         =0
	RefPartCells          =0
	RefSolidCells         =0
	l_SSFR(Capture crit)  =1
	l_curv(Curvature crit)=0
	l_tol(Tolerance crit) =0
	UseChannelRef         =1
	  NCR_method          =0
	  l_NCR               =1
	  N_gap               =7
	  Use d_NCR_min       =0
	  Use d_NCR_max       =0
	IgnoreThinChannelsHeight         =0
	--END_OF_MESHER_SETTINGS-------
End of input mesh settings-------------------------

-----------------------------------------------------------------------
Building geometries:
Building geometry Fluid.0.(0)...

-----------------------------------------------------------------------
Refining by triangulation...
Refinement input: 2592 bricks
Setting regions...OK (0.001 s)
	Re-balancing...
	Send and create bricks on destination sub meshes...
	Collecting ghosts...
	Balancing finished.
Refinement result: 3845 bricks (0.031 s)
Refinement input: 3845 bricks
Refinement result: 3845 bricks (0.000 s)
Collecting and processing rays...OK (0.036 s)
Capturing...OK (0.003 s)
Refining by triangulation takes 0.062 s
-----------------------------------------------------------------------

-----------------------------------------------------------------------
Refining peculiar surfaces...
0 surfaces refined
Refining peculiar surfaces takes 0 s
-----------------------------------------------------------------------
Collecting and processing rays...OK (0.000 s)
Capturing...OK (0.000 s)
Collecting and processing rays...OK (0.000 s)
Capturing...OK (0.000 s)
Collecting and processing rays...OK (0.000 s)
Capturing...OK (0.000 s)

-----------------------------------------------------------------------
Base mesh 1 Refining...
Refinement input: 3845 bricks
Refinement result: 3845 bricks (0.000 s)
Collecting and processing rays...OK (0.000 s)
Capturing...OK (0.000 s)
-----------------------------------------------------------------------
Refining channels...
FYI: CNarrowChannelRefiner::RefineChannels_PRLL: m_submesh_count=4
Refinement input: 3845 bricks
Setting regions...OK (0.002 s)
	Re-balancing...
	Send and create bricks on destination sub meshes...
	Collecting ghosts...
	Balancing finished.
Refinement result: 12833 bricks (0.015 s)
Collecting and processing rays...OK (0.015 s)
Capturing...OK (0.006 s)
FYI: m_iteration_count = 0
FYI: level1 statistics:
     level1_cnt_plus[1]=10272;		level1_cnt_minus[1]=0
     level1_cnt_plus[2]=0;		level1_cnt_minus[2]=0
     level1_cnt_plus[3]=0;		level1_cnt_minus[3]=0
     level1_cnt_plus[4]=0;		level1_cnt_minus[4]=0
     level1_cnt_plus[5]=0;		level1_cnt_minus[5]=0
     level1_cnt_plus[6]=0;		level1_cnt_minus[6]=0
     level1_cnt_plus[7]=0;		level1_cnt_minus[7]=0
     level1_cnt_plus[8]=0;		level1_cnt_minus[8]=0
     level1_cnt_plus[9]=0;		level1_cnt_minus[9]=0
Refinement input: 12833 bricks
Setting regions...OK (0.002 s)
Refinement result: 13036 bricks (0.000 s)
Collecting and processing rays...OK (0.001 s)
Capturing...OK (0.000 s)
FYI: m_iteration_count = 1
FYI: level1 statistics:
     level1_cnt_plus[1]=10504;		level1_cnt_minus[1]=0
     level1_cnt_plus[2]=0;		level1_cnt_minus[2]=0
     level1_cnt_plus[3]=0;		level1_cnt_minus[3]=0
     level1_cnt_plus[4]=0;		level1_cnt_minus[4]=0
     level1_cnt_plus[5]=0;		level1_cnt_minus[5]=0
     level1_cnt_plus[6]=0;		level1_cnt_minus[6]=0
     level1_cnt_plus[7]=0;		level1_cnt_minus[7]=0
     level1_cnt_plus[8]=0;		level1_cnt_minus[8]=0
     level1_cnt_plus[9]=0;		level1_cnt_minus[9]=0
Refinement input: 13036 bricks
Setting regions...OK (0.003 s)
Refinement result: 13043 bricks (0.000 s)
Collecting and processing rays...OK (0.001 s)
Capturing...OK (0.000 s)
FYI: m_iteration_count = 2
FYI: level1 statistics:
     level1_cnt_plus[1]=10512;		level1_cnt_minus[1]=0
     level1_cnt_plus[2]=0;		level1_cnt_minus[2]=0
     level1_cnt_plus[3]=0;		level1_cnt_minus[3]=0
     level1_cnt_plus[4]=0;		level1_cnt_minus[4]=0
     level1_cnt_plus[5]=0;		level1_cnt_minus[5]=0
     level1_cnt_plus[6]=0;		level1_cnt_minus[6]=0
     level1_cnt_plus[7]=0;		level1_cnt_minus[7]=0
     level1_cnt_plus[8]=0;		level1_cnt_minus[8]=0
     level1_cnt_plus[9]=0;		level1_cnt_minus[9]=0
FYI: m_iteration_count = 3
FYI: level1 statistics:
     level1_cnt_plus[1]=10512;		level1_cnt_minus[1]=0
     level1_cnt_plus[2]=0;		level1_cnt_minus[2]=0
     level1_cnt_plus[3]=0;		level1_cnt_minus[3]=0
     level1_cnt_plus[4]=0;		level1_cnt_minus[4]=0
     level1_cnt_plus[5]=0;		level1_cnt_minus[5]=0
     level1_cnt_plus[6]=0;		level1_cnt_minus[6]=0
     level1_cnt_plus[7]=0;		level1_cnt_minus[7]=0
     level1_cnt_plus[8]=0;		level1_cnt_minus[8]=0
     level1_cnt_plus[9]=0;		level1_cnt_minus[9]=0
FYI: level1 statistics:
     level1_cnt_plus[1]=10512;		level1_cnt_minus[1]=0
     level1_cnt_plus[2]=0;		level1_cnt_minus[2]=0
     level1_cnt_plus[3]=0;		level1_cnt_minus[3]=0
     level1_cnt_plus[4]=0;		level1_cnt_minus[4]=0
     level1_cnt_plus[5]=0;		level1_cnt_minus[5]=0
     level1_cnt_plus[6]=0;		level1_cnt_minus[6]=0
     level1_cnt_plus[7]=0;		level1_cnt_minus[7]=0
     level1_cnt_plus[8]=0;		level1_cnt_minus[8]=0
     level1_cnt_plus[9]=0;		level1_cnt_minus[9]=0
	CNarrowChannelRefiner::ChannelsResolution            function_total                0      = 0.202024 sec

-----------------------------------------------------------------------
U-shapes refinement...
Refinement input: 13043 bricks
Refinement result: 13043 bricks (0.000 s)
Collecting and processing rays...OK (0.001 s)
Capturing...OK (0.000 s)
-----------------------------------------------------------------------

-----------------------------------------------------------------------
Equi Distant Refiner:
Equi Distant Refiner takes 0.00 s
-----------------------------------------------------------------------
Building geometry takes 0.281 s
Geometry Fluid.0.
Total		13043
Partial	3964
Fluid		8842
Solid		209
Bad		28

/-Ray Intersection---------------/ Time	0.105 s
Calls			2405
CorrectRay Calls	0


Building geometries takes 0.281 s
-----------------------------------------------------------------------

-----------------------------------------------------------------------
PostBuilding geometries:
PostBuilding geometries takes 0 s
-----------------------------------------------------------------------
Defect ray count	0
FYI: CNarrowChannelRefiner::RedistributeLevel1_step_1: is finished
FYI: level1 statistics:
     level1_cnt_plus[1]=10512;		level1_cnt_minus[1]=0
     level1_cnt_plus[2]=0;		level1_cnt_minus[2]=0
     level1_cnt_plus[3]=0;		level1_cnt_minus[3]=0
     level1_cnt_plus[4]=0;		level1_cnt_minus[4]=0
     level1_cnt_plus[5]=0;		level1_cnt_minus[5]=0
     level1_cnt_plus[6]=0;		level1_cnt_minus[6]=0
     level1_cnt_plus[7]=0;		level1_cnt_minus[7]=0
     level1_cnt_plus[8]=0;		level1_cnt_minus[8]=0
     level1_cnt_plus[9]=0;		level1_cnt_minus[9]=0
FYI: CNarrowChannelRefiner::RedistributeLevel1_step_2: is started
FYI: CNarrowChannelRefiner::RedistributeLevel1_step_2: is finished
FYI: level1 statistics:
     level1_cnt_plus[1]=11927;		level1_cnt_minus[1]=0
     level1_cnt_plus[2]=0;		level1_cnt_minus[2]=0
     level1_cnt_plus[3]=0;		level1_cnt_minus[3]=0
     level1_cnt_plus[4]=0;		level1_cnt_minus[4]=0
     level1_cnt_plus[5]=0;		level1_cnt_minus[5]=0
     level1_cnt_plus[6]=0;		level1_cnt_minus[6]=0
     level1_cnt_plus[7]=0;		level1_cnt_minus[7]=0
     level1_cnt_plus[8]=0;		level1_cnt_minus[8]=0
     level1_cnt_plus[9]=0;		level1_cnt_minus[9]=0
FYI: CNarrowChannelRefiner::RedistributeLevel1_step_3: is started
FYI: CNarrowChannelRefiner::RedistributeLevel1_step_3: is finished
RedistributeLevel1 takes:
	CNarrowChannelRefiner::RedistributeLevel1            function_total                0      = 0.140708 sec
FYI: level1 statistics:
     level1_cnt_plus[1]=11927;		level1_cnt_minus[1]=0
     level1_cnt_plus[2]=0;		level1_cnt_minus[2]=0
     level1_cnt_plus[3]=0;		level1_cnt_minus[3]=0
     level1_cnt_plus[4]=0;		level1_cnt_minus[4]=0
     level1_cnt_plus[5]=0;		level1_cnt_minus[5]=0
     level1_cnt_plus[6]=0;		level1_cnt_minus[6]=0
     level1_cnt_plus[7]=0;		level1_cnt_minus[7]=0
     level1_cnt_plus[8]=0;		level1_cnt_minus[8]=0
     level1_cnt_plus[9]=0;		level1_cnt_minus[9]=0
-----------------------------------------------------------------------
BCF-Builder Iteration: 0
Memory Working Set Current = 52.76 Mb, Memory Working Set Peak = 62.86 Mb
Process Threads Number: 13
Loading geometries triangulation & x-stacks...OK
	Sub-mesh 0:
		Total  brick(s) 3720
		Native brick(s) 3243
		Inner  brick(s) 2782
		Outer  brick(s) 461
		Ghost  brick(s) 477
	Sub-mesh 1:
		Total  brick(s) 4177
		Native brick(s) 3243
		Inner  brick(s) 2294
		Outer  brick(s) 949
		Ghost  brick(s) 934
	Sub-mesh 2:
		Total  brick(s) 4178
		Native brick(s) 3271
		Inner  brick(s) 2312
		Outer  brick(s) 959
		Ghost  brick(s) 907
	Sub-mesh 3:
		Total  brick(s) 3772
		Native brick(s) 3286
		Inner  brick(s) 2851
		Outer  brick(s) 435
		Ghost  brick(s) 486
	Total brick(s) 13043

-----------------------------------------------------------------------
MSH (Real Geometry) format constructor:
Getting submesh brick sets...OK (0.000 s)
Level 1
	Inner time 0.252 s
	Outer Time 0.094 s
	Level Time 0.346 s
Level 0
	Inner time 0.063 s
	Outer Time 0.031 s
	Level Time 0.094 s

Brick parser time info:
	1.012 s - time_Run
		0.020 s - time_ConstructPoints
			0.019 s - time_ConstructPointsAddFind2
		0.071 s - time_ConstructPointsAndConnectsFromNb
		0.046 s - time_AddRibConnects
		0.195 s - time_ConstructBrickFacets
			0.097 s - time_CalculateQpoints
				0.049 s - time_AddFacetPoint_GetFacesQpoint
					0.016 s - time_GetFacesQpoint_UShaped
						0.016 s - time_GetFacesQpoint2
					0.000 s - time_GetFacesQpoint_AddEdgesToList
					0.033 s - time_Edge_GetClosestPointOn
					0.016 s - time_Edge_NewtonMethod
					0.000 s - time_GetFacesQpoint_ManyFinds
				0.047 s - time_AddFacetPoint_AddQPoint
					0.032 s - time_PointReverseEvaluate
				0.000 s - time_AddFacetPoint_AddFind2
		0.000 s - time_RemoveOddConnects
		0.003 s - time_TestConnectivity
		0.000 s - time_ValidateXeps
		0.046 s - time_ConstructFaceAs
		0.015 s - time_ConstructCvs
		0.000 s - time_ConstructFaceWs
		0.017 s - time_RealGeomAddQPoints
		0.032 s - time_RealGeomAddNewFaces
		0.000 s - time_RealGeomInitOppositeGeomFaceInd
		0.036 s - time_RealGeomApproxCurveFaces
		0.000 s - time_Enum1
		0.000 s - time_Enum2
		0.000 s - time_RealGeomCheckInvalidConnects
		0.479 s - time_RealGeomParameters
			0.284 s - time_CalculateParametersOfCv
			0.193 s - time_CalculateParametersOfFace
				0.098 s - time_CalculateRR
				0.094 s - time_CalculateRefFaceData
				0.000 s - time_CalculateLambdaProjection
			0.002 s - time_SetFacesOrientation
Result:
	Bricks number:                        13043

	Memory usage:                         2.514 MB
	Memory usage (per brick):             0.197 KB
	Construction time:                    0.453 s

	Topology features:
	------------------
	- High quality bricks                  99.81 % (13018)
	- Medium quality bricks                 0.19 % (25)
	- Bad quality bricks                    0.00 % (0)
	- Ribs corrected bricks                 0.00 % (0)
	- Points with geom-info (bricks)        0.32 % (42)
	- Points with closest-info (bricks)     0.00 % (0)
	- Triangulated by center (bricks)       0.33 % (43)
	- Facet w-faces mergings (bricks)       0.00 % (0)
	- To refine (bricks)                    0.00 % (0)

Memory Working Set Current = 65.72 Mb, Memory Working Set Peak = 72.13 Mb
Process Threads Number: 13
-----------------------------------------------------------------------
-----------------------------------------------------------------------
MSH --> BCF format (Iteration 0)...
BCF collector...
	(3) Bcf collect time 0.110 s (4931 avs, 1498 fws)
	(2) Bcf collect time 0.113 s (5705 avs, 2438 fws)
	(0) Bcf collect time 0.115 s (5145 avs, 2192 fws)
	(1) Bcf collect time 0.119 s (6106 avs, 3645 fws)
	(0) Remove defect avs time 0.007 s
	(2) Remove defect avs time 0.007 s
	(3) Remove defect avs time 0.007 s
	(1) Remove defect avs time 0.007 s
Defect subdomain detector...
		1 subdomain(s) of gi=0 (real bodies = 1).
			Subdomain 0: 13281 av
		Get real subdoms time 0.000 s
		Mark defect subdomains by closed av...
		Mark by closed av time 0.000 s
		Mark defect subdomains by real bodies...
		0 defect subdomain(s) of gi=0.
		5 subdomain(s) of gi=1 (real bodies = 0).
			Subdomain 0: 2774 av
			Subdomain 1: 1864 av
			Subdomain 2: 4 av
			Subdomain 3: 8 av
			Subdomain 4: 4 av
		Get real subdoms time 0.000 s
		0 defect subdomain(s) of gi=1.
	(3) Remove defect subdoms time 0.000 s
	(2) Remove defect subdoms time 0.000 s
	(1) Remove defect subdoms time 0.000 s
	(0) Remove defect subdoms time 0.000 s
NB-faces collector & conservator...
Sub-mesh 0.
	Conservated total=2 (bb-faces=0)
Sub-mesh 1.
	Conservated total=2 (bb-faces=0)
Sub-mesh 2.
	Conservated total=4 (bb-faces=0)
Sub-mesh 3.
	Conservated total=0 (bb-faces=0)
	(3) Bcf calc time 0.031 s
	(0) Bcf calc time 0.047 s
	(2) Bcf calc time 0.047 s
	(1) Bcf calc time 0.078 s
FACE_W optimizer ...
Sub-mesh 0.
	Before optimization total=3965 (fs=2192, ff=0, ss=0)
	After  optimization total=3903 (fs=2130, ff=0, ss=0)
Sub-mesh 1.
	Before optimization total=5852 (fs=3645, ff=0, ss=0)
	After  optimization total=5674 (fs=3467, ff=0, ss=0)
Sub-mesh 2.
	Before optimization total=4566 (fs=2438, ff=0, ss=0)
	After  optimization total=4495 (fs=2367, ff=0, ss=0)
Sub-mesh 3.
	Before optimization total=3281 (fs=1498, ff=0, ss=0)
	After  optimization total=3274 (fs=1491, ff=0, ss=0)
-----------------------------------------------------------------------
-----------------------------------------------------------------------
Merging BCF...
Merging bricks trees...OK (0.01 s)
Merging av data...OK (0.00 s)
Merging a-faces data (fluid)...
	New a-face count   38930
	Bound a-face count 1572 (4.04 %)
Merging a-faces data takes 0.00 s
Merging a-faces data (solid)...
	New a-face count   10115
	Bound a-face count 526 (5.20 %)
Merging a-faces data takes 0.02 s
Merging w-faces data...
	New w-face count   10795
	Bound w-face count 0 (0.00 %)
	Need fw-nb         3612 (33.46 %)
Merging w-faces data takes 0.02 s
Merging BCF takes (0.06 s)
-----------------------------------------------------------------------

-----------------------------------------------------------------------
Geometrical diagonal nb-faces collector (cpu_num=4)...
	Time=0.032s.
-----------------------------------------------------------------------
Fluid Subdom Constructor: 1 subdom(s).
	Remove nb-fw from diff subdomains (fs)...
		Diff subdomains cases         0

-----------------------------------------------------------------------
BCF CHECKSUM DATA (Mesh 0):

FACE_A Area Sum:   G.Fluid        8.5412606267112352
FACE_A Area Sum:   G.Solid        0.4907613377532977
FACE_W Area Sum:                  2.1939304484420079
FACE_W Nb   Sum:                  82082
FACE_W min curvatures sum:        -40801.01576566
FACE_W max curvatures sum:        266489.68317931
AV Max Disbalance: G.Fluid        2.87956e-012 (cid=8162, avid=8293, pid=3197)
AV Max Disbalance: G.Solid        1.85823e-012 (cid=8162, avid=16433, pid=2982)
-----------------------------------------------------------------------


-----------------------------------------------------------------------
MESHER TOPOLOGY DATA (Mesh 0):

BRICKS: Total                 13043
BRICKS: 1-CV                  8695
BRICKS: 2-CV                  3854
BRICKS: 3-CV                  447
BRICKS: 4-CV                  44
BRICKS: 5-CV                  3
BRICKS: Bad                   0

AV:     G.Total               17935
AV:     G.Fluid               13281
AV:     G.Solid               4654

AV:     G.Fluid Thin Profile    0.72 % (95)
AV:     G.Solid Thin Profile    9.26 % (431)

AV:     G.Fluid Thin For Mega   0.25 % (33)
AV:     G.Solid Thin For Mega   5.29 % (246)

AV:     G.Fluid Non-Convex      5.74 % (762)
AV:     G.Solid Non-Convex     18.11 % (843)

FACE_A: G.Fluid          (af) 38930 (partially opened 9853)
FACE_A: G.Solid          (as) 10115 (partially opened 9054)

FACE_W: G.Total                 10795       Brick/Bound
FACE_W: G.Fluid/Solid    (fs_g) 7831        0           
FACE_W: G.Fluid/Fluid    (ff_g) 0           0           
FACE_W: G.Solid/Solid    (ss_g) 0           0           
FACE_W: G.Fluid/External (fe_g) 0
FACE_W: G.Solid/External (se_g) 2964

AV max fa count:                18
AV max fw count:                23
AV max fw poly count:           23

MEMORY: Total                   6.850 MB
MEMORY: Per Brick               0.538 KB
-----------------------------------------------------------------------

-----------------------------------------------------------------------
Mega-cv constructor for fluid...
	 33 av's is treated as thin
Relative size generator (threshold = 0.05)...OK
	 57 mega-cv's generated
	 1 mega-cv's removed
Convert clusters:
	 56 mega-cv's total
Mega-cv count: 56
-----------------------------------------------------------------------
Mixing plane rotation regions: NO.
Sliding mesh rotation regions: NO.
Fluid/fluid faces: NO.
----------------------------------------------------------
BCF --> BCF.GEOMSUBDOM (bridge arrays) (cpu_num=4):
MESH (0):
	Fluid Subdom Constructor: 1 subdom(s).
	Solid Subdom Constructor: 5 subdom(s).
	Net Asm Subdom Constructor: 0 subdom(s).
	GEOMSUBDOM (0): gi=0 fluid av=13281 cv=13224 fa=38930 fw=7831 V=5.297344e-002
	GEOMSUBDOM (1): gi=1 solid av=2774 cv=2774 fa=5703 fw=5928 V=4.841727e-004
	GEOMSUBDOM (2): gi=1 solid av=1864 cv=1864 fa=4394 fw=4807 V=2.322191e-003
	GEOMSUBDOM (3): gi=1 solid av=8 cv=8 fa=10 fw=34 V=3.561825e-007
	GEOMSUBDOM (4): gi=1 solid av=4 cv=4 fa=4 fw=11 V=1.261074e-008
	GEOMSUBDOM (5): gi=1 solid av=4 cv=4 fa=4 fw=15 V=3.017795e-009
	Setting nb of w-faces...OK.

MESH (0) checking:
	GEOMSUBDOM (0):fa_s=8.5412606267112956 fw_s=1.2667479186871935 fw_nb=69908
	GEOMSUBDOM (1):fa_s=0.0476376173073871 fw_s=1.8487825297548237 fw_nb=35544
	GEOMSUBDOM (2):fa_s=0.4429350962131816 fw_s=0.3445816885942696 fw_nb=45960
	GEOMSUBDOM (3):fa_s=0.0001441985360856 fw_s=0.0004758623485070 fw_nb=364
	GEOMSUBDOM (4):fa_s=0.0000315776303274 fw_s=0.0000656208624556 fw_nb=84
	GEOMSUBDOM (5):fa_s=0.0000128480663154 fw_s=0.0000247468819546 fw_nb=130
MESH (0) checking: OK.
----------------------------------------------------------
-----------------------------------------------------------------------
Calculating curvature and tolerance criteria...
Curvature: min=0 max=3.14159
Tolerance: min=0 max=0.0312579
Calculating curvature and tolerance criteria takes 0.063 s
-----------------------------------------------------------------------
Current CPU = 1 sec

Nx=18
Ny=8
Nz=18
Max_RL=1
12. Saving initial mesh in: C:\Users\jultu\Downloads\Projet 2A\open-rov-underwater-exploration-robots-1.snapshot.1\fxp1\1.fld .
Storing results...
Estimated CPT size=3.192 MB.
OK
Memory Working Set Current = 79.09 Mb, Memory Working Set Peak = 83.11 Mb
Process Threads Number: 13
Cleaning memory...
Free Geometry DB takes 0.015 s
Copying... OK

------------------------------------------------------------------------------------------------------------
CPU report:
Function                                             CPU           descriptor                    nproc     
------------------------------------------------------------------------------------------------------------
GetGeometryFromSW                                    0.469 sec   function_total               
GetGeometryFromSW                                    0.120 sec   InitGeometryTriangles        
CMesh::PrepareMappedTriangles                        0.128 sec   function_total               
SwapGeometries                                       0.000 sec   function_total               
CMesh::PreBuild                                      0.006 sec   function_total               
SetBrickRegion                                       0.010 sec   function_total               
CMesh::Build                                         0.284 sec   function_total               
CMesh::BuildGeometry                                 0.281 sec   function_total               
ActivateAllCellsParameters                           0.001 sec   function_total               
RefineByTriangles                                    0.070 sec   function_total               
CaptureRefined                                       0.067 sec   function_total               
GetMultiRaysIntersections                            0.034 sec   full                         
CRayCollector::CorrectRays2                          0.014 sec   full                         
CRayCollector::CorrectRays2                          0.006 sec   stage_1_collect_undefined_vertices1
RefinePeculiarSurfaces                               0.001 sec   function_total               
CNarrowChannelRefiner::ChannelsResolution            0.202 sec   function_total               
CNarrowChannelRefiner::RefineChannels_PRLL           0.201 sec   function_total               
CNarrowChannelRefiner::GetMainNormals                0.054 sec   function_total               
CNarrowChannelRefiner::GetMainNormals                0.084 sec   function_total               
CNarrowChannelRefiner::GetMainNormals                0.076 sec   function_total               
CNarrowChannelRefiner::GetMainNormals                0.022 sec   function_total               
CNarrowChannelRefiner::facade_bricks_of_brick_dirv   0.057 sec   function_total               
CNarrowChannelRefiner::facade_bricks_of_brick_dirv   0.136 sec   function_total               
CNarrowChannelRefiner::facade_bricks_of_brick_dirv   0.053 sec   function_total               
CNarrowChannelRefiner::facade_bricks_of_brick_dirv   0.021 sec   function_total               
CNarrowChannelRefiner::next_brick_on_ray             0.055 sec   function_total               
CNarrowChannelRefiner::next_brick_on_ray             0.133 sec   function_total               
CNarrowChannelRefiner::next_brick_on_ray             0.052 sec   function_total               
CNarrowChannelRefiner::next_brick_on_ray             0.019 sec   function_total               
CNarrowChannelRefiner::RefineChannels_PRLL           0.050 sec   NCR_execute_refinement       
CMesh::BuildGeometry                                 0.000 sec   equidistant_refiner          
CNarrowChannelRefiner::RedistributeLevel1            0.142 sec   function_total               
CTPBuilder::build_bcf                                0.816 sec   function_total               
CTPBuilder::bcf_builder                              0.779 sec   function_total               
LoadTrianglesAndXSL                                  0.000 sec   function_total               
CTPBuilder::collect_msh_format                       0.460 sec   function_total               
CTPBuilder::Run                                      0.206 sec   bcf_collect                  
CTPBuilder::Run                                      0.105 sec   bcf_merge                    
CTPBuilder::build_bcf                                0.012 sec   collect_mega_cv              
CTPBuilder::build_bcf                                0.024 sec   convert_to_mds_function      
CMesh::CalculateCurvatureAndToleranceCriteria        0.065 sec   function_total               
Store_Res_2                                          0.161 sec   function_total               
Freemem_CPT                                          0.032 sec   function_total               
------------------------------------------------------------------------------------------------------------

Mesh generation normally finished at	9.1.2018	14:17:56
Mesher CPU = 2 sec
Mesher is finished at	9.1.2018	14:17:56
