\BOOKMARK [0][-]{chapter.1}{Introduction}{}% 1
\BOOKMARK [0][-]{chapter.2}{Pr\351sentation du projet}{}% 2
\BOOKMARK [0][-]{chapter.3}{Cahier des charges}{}% 3
\BOOKMARK [1][-]{section.3.1}{Analyse Fonctionnelle}{chapter.3}% 4
\BOOKMARK [2][-]{subsection.3.1.1}{Structure}{section.3.1}% 5
\BOOKMARK [2][-]{subsection.3.1.2}{Commandabilit\351}{section.3.1}% 6
\BOOKMARK [2][-]{subsection.3.1.3}{Milieu d'utilisation}{section.3.1}% 7
\BOOKMARK [2][-]{subsection.3.1.4}{Energie}{section.3.1}% 8
\BOOKMARK [2][-]{subsection.3.1.5}{Motorisation}{section.3.1}% 9
\BOOKMARK [2][-]{subsection.3.1.6}{Acquisitions}{section.3.1}% 10
\BOOKMARK [0][-]{chapter.4}{Acquisition et Commandabilit\351}{}% 11
\BOOKMARK [1][-]{section.4.1}{Raspberry}{chapter.4}% 12
\BOOKMARK [2][-]{subsection.4.1.1}{Cameras}{section.4.1}% 13
\BOOKMARK [2][-]{subsection.4.1.2}{Capteur de Pression/Temperature}{section.4.1}% 14
\BOOKMARK [2][-]{subsection.4.1.3}{Central Inertielle}{section.4.1}% 15
\BOOKMARK [1][-]{section.4.2}{PC}{chapter.4}% 16
\BOOKMARK [2][-]{subsection.4.2.1}{Interface}{section.4.2}% 17
\BOOKMARK [2][-]{subsection.4.2.2}{Tunnel SSH}{section.4.2}% 18
\BOOKMARK [2][-]{subsection.4.2.3}{Videos}{section.4.2}% 19
\BOOKMARK [2][-]{subsection.4.2.4}{Capteurs et Moteurs}{section.4.2}% 20
\BOOKMARK [2][-]{subsection.4.2.5}{Affichage 3D}{section.4.2}% 21
\BOOKMARK [2][-]{subsection.4.2.6}{Cartographie}{section.4.2}% 22
\BOOKMARK [0][-]{chapter.5}{Conclusion}{}% 23
\BOOKMARK [0][-]{chapter.6}{R\351f\351rences}{}% 24
\BOOKMARK [0][-]{chapter*.6}{Bibliographie}{}% 25
\BOOKMARK [0][-]{chapter*.7}{Table des figures}{}% 26
